%!Adobe-FontList 1.14
%Locale:0x412

%BeginFont
Handler:DirectoryHandler
FontType:TrueType
FontName:Cafe24Ohsquare
FamilyName:Cafe24 Ohsquare
StyleName:Bold
FullName:Cafe24Ohsquare
MenuName:카페24 아네모네
StyleBits:2
FamilyNameNative:카페24 아네모네
StyleNameNative:Bold
FullNameNative:카페24 아네모네
WritingScript:Korean
OutlineFileName:C:\Users\pc\Desktop\lego리뉴얼 (2)\Font\Cafe24Ohsquare.ttf
DataFormat:sfntData
FileLength:1753088
FileModTime:1579583164
WeightClass:700
WidthClass:5
AngleClass:0
%EndFont

%BeginFont
Handler:DirectoryHandler
FontType:TrueType
FontName:Cafe24Ssurround
FamilyName:Cafe24 Ssurround
StyleName:Bold
FullName:Cafe24 Ssurround
MenuName:카페24 써라운드
StyleBits:0
FamilyNameNative:카페24 써라운드
StyleNameNative:Bold
FullNameNative:카페24 써라운드 Bold
WritingScript:Korean
OutlineFileName:C:\Users\pc\Desktop\lego리뉴얼 (2)\Font\Cafe24Ssurround.ttf
DataFormat:sfntData
FileLength:1330920
FileModTime:1596174966
WeightClass:700
WidthClass:5
AngleClass:0
%EndFont

%BeginFont
Handler:DirectoryHandler
FontType:TrueType
FontName:H2hdrM
FamilyName:HYHeadLine-Medium
StyleName:Regular
FullName:HYHeadLine-Medium
MenuName:HY헤드라인M
StyleBits:0
FamilyNameNative:HY헤드라인M
StyleNameNative:Regular
FullNameNative:HY헤드라인M
WritingScript:Korean
OutlineFileName:C:\Users\pc\Desktop\lego리뉴얼 (2)\Font\hyheadlinem.ttf
DataFormat:sfntData
FileLength:1169072
FileModTime:1663311491
WeightClass:400
WidthClass:5
AngleClass:0
%EndFont

%BeginFont
Handler:DirectoryHandler
FontType:TrueType
FontName:Jalnan
FamilyName:Jalnan
StyleName:Regular
FullName:Jalnan
MenuName:여기어때 잘난체
StyleBits:0
FamilyNameNative:여기어때 잘난체
StyleNameNative:Regular
FullNameNative:여기어때 잘난체
WritingScript:Korean
OutlineFileName:C:\Users\pc\Desktop\lego리뉴얼 (2)\Font\Jalnan.ttf
DataFormat:sfntData
FileLength:1410252
FileModTime:1661849693
WeightClass:700
WidthClass:5
AngleClass:0
%EndFont

%BeginFont
Handler:DirectoryHandler
FontType:TrueType
FontName:Legothick
FamilyName:Legothick
StyleName:Regular
FullName:Legothick
MenuName:Legothick
StyleBits:3
WritingScript:Roman
OutlineFileName:C:\Users\pc\Desktop\lego리뉴얼 (2)\Font\Legothick.ttf
DataFormat:sfntData
FileLength:23092
FileModTime:967292788
WeightClass:400
WidthClass:5
AngleClass:0
%EndFont

%BeginFont
Handler:DirectoryHandler
FontType:TrueType
FontName:Pretendard-Black
FamilyName:Pretendard
StyleName:Black
FullName:Pretendard Black
MenuName:Pretendard Black
StyleBits:0
FamilyNameNative:
StyleNameNative:Black
FullNameNative:
WritingScript:Korean
OutlineFileName:C:\Users\pc\Desktop\lego리뉴얼 (2)\Font\Pretendard-Black.ttf
DataFormat:sfntData
FileLength:2677244
FileModTime:1653576830
WeightClass:900
WidthClass:5
AngleClass:0
%EndFont

%BeginFont
Handler:DirectoryHandler
FontType:TrueType
FontName:Pretendard-Bold
FamilyName:Pretendard
StyleName:Bold
FullName:Pretendard Bold
MenuName:Pretendard
StyleBits:2
FamilyNameNative:
StyleNameNative:Bold
FullNameNative:
WritingScript:Korean
OutlineFileName:C:\Users\pc\Desktop\lego리뉴얼 (2)\Font\Pretendard-Bold.ttf
DataFormat:sfntData
FileLength:2673340
FileModTime:1653576830
WeightClass:700
WidthClass:5
AngleClass:0
%EndFont

%BeginFont
Handler:DirectoryHandler
FontType:TrueType
FontName:Pretendard-ExtraBold
FamilyName:Pretendard
StyleName:ExtraBold
FullName:Pretendard ExtraBold
MenuName:Pretendard ExtraBold
StyleBits:0
FamilyNameNative:
StyleNameNative:ExtraBold
FullNameNative:
WritingScript:Korean
OutlineFileName:C:\Users\pc\Desktop\lego리뉴얼 (2)\Font\Pretendard-ExtraBold.ttf
DataFormat:sfntData
FileLength:2678964
FileModTime:1653576830
WeightClass:800
WidthClass:5
AngleClass:0
%EndFont

%BeginFont
Handler:DirectoryHandler
FontType:TrueType
FontName:Pretendard-ExtraLight
FamilyName:Pretendard
StyleName:ExtraLight
FullName:Pretendard ExtraLight
MenuName:Pretendard ExtraLight
StyleBits:0
FamilyNameNative:
StyleNameNative:ExtraLight
FullNameNative:
WritingScript:Korean
OutlineFileName:C:\Users\pc\Desktop\lego리뉴얼 (2)\Font\Pretendard-ExtraLight.ttf
DataFormat:sfntData
FileLength:2842404
FileModTime:1653576830
WeightClass:200
WidthClass:5
AngleClass:0
%EndFont

%BeginFont
Handler:DirectoryHandler
FontType:TrueType
FontName:Pretendard-Light
FamilyName:Pretendard
StyleName:Light
FullName:Pretendard Light
MenuName:Pretendard Light
StyleBits:0
FamilyNameNative:
StyleNameNative:Light
FullNameNative:
WritingScript:Korean
OutlineFileName:C:\Users\pc\Desktop\lego리뉴얼 (2)\Font\Pretendard-Light.ttf
DataFormat:sfntData
FileLength:2817428
FileModTime:1653576830
WeightClass:300
WidthClass:5
AngleClass:0
%EndFont

%BeginFont
Handler:DirectoryHandler
FontType:TrueType
FontName:Pretendard-Medium
FamilyName:Pretendard
StyleName:Medium
FullName:Pretendard Medium
MenuName:Pretendard Medium
StyleBits:0
FamilyNameNative:
StyleNameNative:Medium
FullNameNative:
WritingScript:Korean
OutlineFileName:C:\Users\pc\Desktop\lego리뉴얼 (2)\Font\Pretendard-Medium.ttf
DataFormat:sfntData
FileLength:2712356
FileModTime:1653576830
WeightClass:500
WidthClass:5
AngleClass:0
%EndFont

%BeginFont
Handler:DirectoryHandler
FontType:TrueType
FontName:Pretendard-Regular
FamilyName:Pretendard
StyleName:Regular
FullName:Pretendard Regular
MenuName:Pretendard
StyleBits:0
FamilyNameNative:
StyleNameNative:Regular
FullNameNative:
WritingScript:Korean
OutlineFileName:C:\Users\pc\Desktop\lego리뉴얼 (2)\Font\Pretendard-Regular.ttf
DataFormat:sfntData
FileLength:2737116
FileModTime:1653576830
WeightClass:400
WidthClass:5
AngleClass:0
%EndFont

%BeginFont
Handler:DirectoryHandler
FontType:TrueType
FontName:Pretendard-SemiBold
FamilyName:Pretendard
StyleName:SemiBold
FullName:Pretendard SemiBold
MenuName:Pretendard SemiBold
StyleBits:0
FamilyNameNative:
StyleNameNative:SemiBold
FullNameNative:
WritingScript:Korean
OutlineFileName:C:\Users\pc\Desktop\lego리뉴얼 (2)\Font\Pretendard-SemiBold.ttf
DataFormat:sfntData
FileLength:2682940
FileModTime:1653576830
WeightClass:600
WidthClass:5
AngleClass:0
%EndFont

%BeginFont
Handler:DirectoryHandler
FontType:TrueType
FontName:Pretendard-Thin
FamilyName:Pretendard
StyleName:Thin
FullName:Pretendard Thin
MenuName:Pretendard Thin
StyleBits:0
FamilyNameNative:
StyleNameNative:Thin
FullNameNative:
WritingScript:Korean
OutlineFileName:C:\Users\pc\Desktop\lego리뉴얼 (2)\Font\Pretendard-Thin.ttf
DataFormat:sfntData
FileLength:2870652
FileModTime:1653576830
WeightClass:100
WidthClass:5
AngleClass:0
%EndFont

%BeginFont
Handler:DirectoryHandler
FontType:TrueType
FontName:PretendardVariable-Regular
FamilyName:Pretendard Variable
StyleName:Regular
FullName:Pretendard Variable
MenuName:Pretendard Variable
StyleBits:0
FamilyNameNative:
StyleNameNative:Regular
FullNameNative:
WritingScript:Korean
OutlineFileName:C:\Users\pc\Desktop\lego리뉴얼 (2)\Font\Pretendard.ttf
DataFormat:sfntData
FileLength:6803260
FileModTime:1653576830
WeightClass:400
WidthClass:5
AngleClass:0
%EndFont

%BeginFont
Handler:DirectoryHandler
FontType:TrueType
FontName:SEBANGGothic
FamilyName:SEBANG Gothic
StyleName:Regular
FullName:SEBANG Gothic
MenuName:세방고딕 Regular
StyleBits:0
FamilyNameNative:세방고딕
StyleNameNative:Regular
FullNameNative:세방고딕
WritingScript:Korean
OutlineFileName:C:\Users\pc\Desktop\lego리뉴얼 (2)\Font\SEBANGGothic.ttf
DataFormat:sfntData
FileLength:2005732
FileModTime:1587521530
WeightClass:400
WidthClass:5
AngleClass:0
%EndFont

